/*C3*/SET SCHEMA PUBLIC
create table if not exists\u000a    catalogo(id int identity, nome varchar(45), preco float, stock int)
INSERT INTO CATALOGO VALUES(0,'banana',0.2E0,1000)
COMMIT
INSERT INTO CATALOGO VALUES(1,'maca gala',0.23E0,500)
COMMIT
INSERT INTO CATALOGO VALUES(2,'maca fuji',0.32E0,500)
COMMIT
INSERT INTO CATALOGO VALUES(3,'pera rocha',0.3E0,500)
COMMIT
INSERT INTO CATALOGO VALUES(4,'manga',0.85E0,150)
COMMIT
INSERT INTO CATALOGO VALUES(5,'kiwi',0.23E0,150)
COMMIT
INSERT INTO CATALOGO VALUES(6,'abacaxi',3.92E0,200)
COMMIT
INSERT INTO CATALOGO VALUES(7,'ananas dos acores',6.59E0,150)
COMMIT
INSERT INTO CATALOGO VALUES(8,'abacate',3.0E0,100)
COMMIT
INSERT INTO CATALOGO VALUES(9,'mix frutos do bosque',3.99E0,50)
COMMIT
INSERT INTO CATALOGO VALUES(10,'uva red globe',1.67E0,100)
COMMIT
INSERT INTO CATALOGO VALUES(11,'meloa',1.59E0,100)
COMMIT
INSERT INTO CATALOGO VALUES(12,'kg de limao',1.69E0,100)
COMMIT
INSERT INTO CATALOGO VALUES(13,'lima',0.16E0,100)
COMMIT
INSERT INTO CATALOGO VALUES(14,'caixa mirtilos biologicos',2.59E0,30)
COMMIT
DISCONNECT
